TN:
SF:src\App.tsx
FN:11,(anonymous_1)
FNF:1
FNH:1
FNDA:2,(anonymous_1)
DA:1,1
DA:4,1
DA:5,1
DA:7,1
DA:9,1
DA:11,1
DA:12,2
DA:28,1
LF:8
LH:8
BRF:0
BRH:0
end_of_record
TN:
SF:src\api.ts
FN:6,(anonymous_0)
FN:10,(anonymous_1)
FN:17,(anonymous_2)
FN:24,(anonymous_3)
FN:34,(anonymous_4)
FN:35,(anonymous_5)
FN:38,(anonymous_6)
FN:47,(anonymous_7)
FN:48,(anonymous_8)
FN:51,(anonymous_9)
FN:55,(anonymous_10)
FN:56,(anonymous_11)
FNF:12
FNH:4
FNDA:1,(anonymous_0)
FNDA:1,(anonymous_1)
FNDA:1,(anonymous_2)
FNDA:0,(anonymous_3)
FNDA:0,(anonymous_4)
FNDA:0,(anonymous_5)
FNDA:1,(anonymous_6)
FNDA:0,(anonymous_7)
FNDA:0,(anonymous_8)
FNDA:0,(anonymous_9)
FNDA:0,(anonymous_10)
FNDA:0,(anonymous_11)
DA:1,1
DA:2,1
DA:3,1
DA:4,1
DA:6,1
DA:7,1
DA:10,1
DA:11,1
DA:12,0
DA:14,1
DA:17,1
DA:18,1
DA:19,0
DA:21,1
DA:24,1
DA:29,0
DA:30,0
DA:31,0
DA:32,0
DA:33,0
DA:34,0
DA:35,0
DA:38,1
DA:42,1
DA:43,1
DA:44,1
DA:45,1
DA:46,1
DA:47,0
DA:48,0
DA:51,1
DA:52,0
DA:53,0
DA:54,0
DA:55,0
DA:56,0
LF:36
LH:20
BRDA:10,0,0,0
BRDA:11,1,0,0
BRDA:17,2,0,0
BRDA:18,3,0,0
BRDA:26,4,0,0
BRDA:27,5,0,0
BRDA:39,6,0,0
BRDA:40,7,0,0
BRF:8
BRH:0
end_of_record
TN:
SF:src\components\Card\Card.tsx
FN:11,(anonymous_0)
FN:16,(anonymous_1)
FNF:2
FNH:0
FNDA:0,(anonymous_0)
FNDA:0,(anonymous_1)
DA:1,1
DA:5,1
DA:11,1
DA:12,0
DA:16,0
DA:23,1
LF:6
LH:4
BRF:0
BRH:0
end_of_record
TN:
SF:src\components\ContextProvider\Context.tsx
FN:27,(anonymous_0)
FN:29,(anonymous_1)
FN:31,(anonymous_2)
FN:34,(anonymous_3)
FNF:4
FNH:1
FNDA:0,(anonymous_0)
FNDA:0,(anonymous_1)
FNDA:0,(anonymous_2)
FNDA:1,(anonymous_3)
DA:1,1
DA:10,1
DA:25,1
DA:34,1
DA:35,1
DA:36,1
DA:37,1
DA:39,1
DA:48,1
DA:51,1
LF:10
LH:10
BRF:0
BRH:0
end_of_record
TN:
SF:src\components\ErrorBoundary\ErrorBoundary.tsx
FN:13,(anonymous_1)
FN:17,(anonymous_2)
FNF:2
FNH:2
FNDA:1,(anonymous_1)
FNDA:2,(anonymous_2)
DA:1,1
DA:3,1
DA:5,1
DA:7,1
DA:11,1
DA:14,1
DA:18,2
DA:19,1
DA:31,1
LF:9
LH:9
BRDA:18,0,0,1
BRF:1
BRH:1
end_of_record
TN:
SF:src\components\Header\Header.tsx
FN:9,(anonymous_1)
FN:19,(anonymous_2)
FN:20,(anonymous_3)
FN:32,(anonymous_4)
FN:43,(anonymous_5)
FN:49,(anonymous_6)
FNF:6
FNH:1
FNDA:2,(anonymous_1)
FNDA:0,(anonymous_2)
FNDA:0,(anonymous_3)
FNDA:0,(anonymous_4)
FNDA:0,(anonymous_5)
FNDA:0,(anonymous_6)
DA:1,1
DA:2,1
DA:3,1
DA:5,1
DA:7,1
DA:9,1
DA:10,2
DA:11,1
DA:13,1
DA:19,0
DA:20,0
DA:32,0
DA:43,0
DA:49,0
DA:59,1
LF:15
LH:10
BRF:0
BRH:0
end_of_record
TN:
SF:src\components\List\List.tsx
FN:10,(anonymous_1)
FN:15,(anonymous_2)
FN:24,(anonymous_3)
FN:30,(anonymous_4)
FN:34,(anonymous_5)
FNF:5
FNH:0
FNDA:0,(anonymous_1)
FNDA:0,(anonymous_2)
FNDA:0,(anonymous_3)
FNDA:0,(anonymous_4)
FNDA:0,(anonymous_5)
DA:1,1
DA:3,1
DA:4,1
DA:6,1
DA:8,1
DA:10,1
DA:11,0
DA:12,0
DA:13,0
DA:15,0
DA:16,0
DA:17,0
DA:18,0
DA:21,0
DA:25,0
DA:30,0
DA:34,0
DA:40,1
LF:18
LH:7
BRDA:18,0,0,0
BRDA:23,1,0,0
BRDA:23,1,1,0
BRF:3
BRH:0
end_of_record
TN:
SF:src\layouts\RootLayout\RootLayout.tsx
FN:14,(anonymous_1)
FN:20,(anonymous_2)
FN:27,(anonymous_3)
FN:32,(anonymous_4)
FN:40,(anonymous_5)
FNF:5
FNH:2
FNDA:2,(anonymous_1)
FNDA:1,(anonymous_2)
FNDA:0,(anonymous_3)
FNDA:0,(anonymous_4)
FNDA:0,(anonymous_5)
DA:1,1
DA:2,1
DA:3,1
DA:5,1
DA:7,1
DA:8,1
DA:10,1
DA:12,1
DA:14,1
DA:15,2
DA:16,1
DA:17,1
DA:18,1
DA:20,1
DA:21,1
DA:22,1
DA:28,0
DA:29,0
DA:33,0
DA:34,0
DA:39,1
DA:40,0
DA:50,1
LF:23
LH:18
BRDA:22,0,0,0
BRDA:22,0,1,1
BRDA:43,1,0,1
BRDA:43,1,1,0
BRF:4
BRH:2
end_of_record
TN:
SF:src\test\__ mocks __\fileMock.ts
FNF:0
FNH:0
DA:3,1
LF:1
LH:1
BRF:0
BRH:0
end_of_record
